<?xml version="1.0" encoding="UTF-8"?>
<testng-results ignored="0" total="2" passed="2" failed="0" skipped="0">
  <reporter-output>
  </reporter-output>
  <suite started-at="2024-02-05T15:51:07 IST" name="Default suite" finished-at="2024-02-05T15:51:40 IST" duration-ms="32819">
    <groups>
    </groups>
    <test started-at="2024-02-05T15:51:07 IST" name="Default test" finished-at="2024-02-05T15:51:40 IST" duration-ms="32819">
      <class name="testCases.DemoTestCase">
        <test-method is-config="true" signature="launchBrowser()[pri:0, instance:testCases.DemoTestCase@54bff557]" started-at="2024-02-05T15:51:07 IST" name="launchBrowser" finished-at="2024-02-05T15:51:14 IST" duration-ms="6519" status="PASS">
          <reporter-output>
          </reporter-output>
        </test-method> <!-- launchBrowser -->
        <test-method signature="positive_Tc_01()[pri:1, instance:testCases.DemoTestCase@54bff557]" started-at="2024-02-05T15:51:14 IST" name="positive_Tc_01" finished-at="2024-02-05T15:51:38 IST" duration-ms="24288" status="PASS">
          <reporter-output>
          </reporter-output>
        </test-method> <!-- positive_Tc_01 -->
        <test-method signature="negative_Tc_01()[pri:2, instance:testCases.DemoTestCase@54bff557]" started-at="2024-02-05T15:51:38 IST" name="negative_Tc_01" finished-at="2024-02-05T15:51:40 IST" duration-ms="1532" status="PASS">
          <reporter-output>
          </reporter-output>
        </test-method> <!-- negative_Tc_01 -->
        <test-method is-config="true" signature="closeBrowser()[pri:0, instance:testCases.DemoTestCase@54bff557]" started-at="2024-02-05T15:51:40 IST" name="closeBrowser" finished-at="2024-02-05T15:51:40 IST" duration-ms="414" status="PASS">
          <reporter-output>
          </reporter-output>
        </test-method> <!-- closeBrowser -->
      </class> <!-- testCases.DemoTestCase -->
    </test> <!-- Default test -->
  </suite> <!-- Default suite -->
</testng-results>
